d:\code\git\skin++\skin++\obj\x64\hybrid\skin++.obj
d:\code\git\skin++\skin++\obj\x64\hybrid\dllentry.obj
d:\code\git\skin++\skin++\obj\x64\hybrid\vc141.pdb
c:\program files\autodesk\3ds max 2021\plugins\skin++.ilk
c:\program files\autodesk\3ds max 2021\plugins\skin++.gup
c:\program files\autodesk\3ds max 2021\plugins\skin++.pdb
c:\program files\autodesk\3ds max 2021 sdk\maxsdk\pdb\x64\hybrid\skin++.pdb
d:\code\git\skin++\skin++\obj\x64\hybrid\skin++.res
d:\code\git\skin++\skin++\obj\x64\hybrid\skin++.lib
d:\code\git\skin++\skin++\obj\x64\hybrid\skin++.exp
c:\program files\autodesk\3ds max 2021\\plugins\skin++.pdb
c:\program files\autodesk\3ds max 2021\\plugins\skin++.gup
c:\program files\autodesk\3ds max 2021\\plugins\skin++.ilk
d:\code\git\skin++\skin++\obj\x64\hybrid\skin++.tlog\cl.2196.write.1.tlog
d:\code\git\skin++\skin++\obj\x64\hybrid\skin++.tlog\cl.command.1.tlog
d:\code\git\skin++\skin++\obj\x64\hybrid\skin++.tlog\cl.read.1.tlog
d:\code\git\skin++\skin++\obj\x64\hybrid\skin++.tlog\link.command.1.tlog
d:\code\git\skin++\skin++\obj\x64\hybrid\skin++.tlog\link.read.1.tlog
d:\code\git\skin++\skin++\obj\x64\hybrid\skin++.tlog\link.write.1.tlog
d:\code\git\skin++\skin++\obj\x64\hybrid\skin++.tlog\rc.command.1.tlog
d:\code\git\skin++\skin++\obj\x64\hybrid\skin++.tlog\rc.read.1.tlog
d:\code\git\skin++\skin++\obj\x64\hybrid\skin++.tlog\rc.write.1.tlog
d:\code\git\skin++\skin++\obj\x64\hybrid\skin++.tlog\skin++.write.1u.tlog
